10/6/2015 8:41:52 AM	This log contains information about the import schema operation into project 'SchoolDb' on computer 'RAMAN-PC' by user 'raman'.
10/6/2015 8:41:52 AM	Import of database schema has started.
10/6/2015 8:42:02 AM	Gathering database options
10/6/2015 8:42:02 AM	Gathering users
10/6/2015 8:42:02 AM	Gathering roles
10/6/2015 8:42:02 AM	Gathering application roles
10/6/2015 8:42:02 AM	Gathering role memberships
10/6/2015 8:42:02 AM	Gathering filegroups
10/6/2015 8:42:02 AM	Gathering full-text catalogs
10/6/2015 8:42:02 AM	Gathering assemblies
10/6/2015 8:42:02 AM	Gathering certificates
10/6/2015 8:42:02 AM	Gathering asymmetric keys
10/6/2015 8:42:02 AM	Gathering symmetric keys
10/6/2015 8:42:02 AM	Gathering encrypted symmetric keys
10/6/2015 8:42:02 AM	Gathering schemas
10/6/2015 8:42:02 AM	Gathering XML schema collections
10/6/2015 8:42:02 AM	Gathering user-defined data types
10/6/2015 8:42:02 AM	Gathering user-defined types
10/6/2015 8:42:02 AM	Gathering table types
10/6/2015 8:42:02 AM	Gathering unique keys for table types
10/6/2015 8:42:02 AM	Gathering primary keys for table types
10/6/2015 8:42:02 AM	Gathering check constraints for table types
10/6/2015 8:42:02 AM	Gathering default constraints for table types
10/6/2015 8:42:02 AM	Gathering partition functions
10/6/2015 8:42:02 AM	Gathering partition schemes
10/6/2015 8:42:03 AM	Gathering functions
10/6/2015 8:42:03 AM	Gathering encrypted functions
10/6/2015 8:42:03 AM	Gathering aggregates
10/6/2015 8:42:03 AM	Gathering procedures
10/6/2015 8:42:03 AM	Gathering encrypted procedures
10/6/2015 8:42:03 AM	Gathering tables
10/6/2015 8:42:03 AM	Gathering primary keys
10/6/2015 8:42:03 AM	Gathering unique constraints
10/6/2015 8:42:03 AM	Gathering foreign keys
10/6/2015 8:42:04 AM	Gathering default constraints
10/6/2015 8:42:04 AM	Gathering check constraints
10/6/2015 8:42:04 AM	Gathering views
10/6/2015 8:42:04 AM	Gathering encrypted views
10/6/2015 8:42:04 AM	Gathering indexes
10/6/2015 8:42:04 AM	Gathering statistics
10/6/2015 8:42:04 AM	Gathering full-text index stoplists
10/6/2015 8:42:04 AM	Gathering search property lists
10/6/2015 8:42:04 AM	Gathering search properties
10/6/2015 8:42:04 AM	Gathering full-text indexes
10/6/2015 8:42:04 AM	Gathering column store indexes
10/6/2015 8:42:04 AM	Gathering spatial indexes
10/6/2015 8:42:04 AM	Gathering XML indexes
10/6/2015 8:42:04 AM	Gathering encrypted triggers
10/6/2015 8:42:04 AM	Gathering triggers
10/6/2015 8:42:04 AM	Gathering encrypted and clr ddl triggers
10/6/2015 8:42:04 AM	Gathering ddl triggers
10/6/2015 8:42:04 AM	Gathering synonyms
10/6/2015 8:42:04 AM	Gathering defaults
10/6/2015 8:42:04 AM	Gathering data constraint uddt bindings
10/6/2015 8:42:04 AM	Gathering rules
10/6/2015 8:42:04 AM	Gathering data constraint uddt bindings
10/6/2015 8:42:04 AM	Gathering message types
10/6/2015 8:42:04 AM	Gathering queues
10/6/2015 8:42:04 AM	Gathering contracts
10/6/2015 8:42:04 AM	Gathering services
10/6/2015 8:42:04 AM	Gathering event notifications
10/6/2015 8:42:04 AM	Gathering remote service bindings
10/6/2015 8:42:04 AM	Gathering broker priorities
10/6/2015 8:42:04 AM	Gathering signatures
10/6/2015 8:42:04 AM	Gathering data compression options
10/6/2015 8:42:04 AM	Gathering sequence types
10/6/2015 8:42:04 AM	Gathering extended properties
10/6/2015 8:42:04 AM	Gathering credentials
10/6/2015 8:42:04 AM	Gathering logins
10/6/2015 8:42:04 AM	Gathering server audits
10/6/2015 8:42:05 AM	Scanning project for duplicate elements
10/6/2015 8:42:05 AM	Finished duplicate element processing
10/6/2015 8:42:06 AM	Finished importing database.
10/6/2015 8:42:06 AM	A summary of the import was saved to the following location: C:\git\School\SchoolApp\SchoolDb\Import Schema Logs\SchoolDb_20151006031152.log
10/6/2015 8:42:07 AM	Click Finish to continue...
